<?xml version="1.0" encoding="UTF-8"?>
<!-- Generated by org.testng.reporters.JUnitReportReporter -->
<testsuite hostname="s-PC" failures="0" tests="1" name="MavenProject.Selenium.DataDrivernTest" time="82.196" errors="0" timestamp="15 Aug 2018 05:59:46 GMT" skipped="0">
  <testcase classname="MavenProject.Selenium.DataDrivernTest" name="test2" time="82.196"/>
</testsuite> <!-- MavenProject.Selenium.DataDrivernTest -->
