<?xml version="1.0" encoding="UTF-8"?>
<!-- Generated by org.testng.reporters.JUnitReportReporter -->
<testsuite hostname="s-PC" failures="0" tests="1" name="MavenProject.Selenium.LoginTest" time="26.370" errors="0" timestamp="09 Aug 2018 13:07:47 GMT" skipped="0">
  <testcase classname="MavenProject.Selenium.LoginTest" name="test3" time="26.370"/>
</testsuite> <!-- MavenProject.Selenium.LoginTest -->
