<?xml version="1.0" encoding="UTF-8"?>
<!-- Generated by org.testng.reporters.JUnitReportReporter -->
<testsuite hostname="s-PC" failures="0" tests="1" name="MavenProject.Selenium.FlightTest" time="142.515" errors="0" timestamp="15 Aug 2018 06:32:01 GMT" skipped="0">
  <testcase classname="MavenProject.Selenium.FlightTest" name="test1" time="142.515"/>
</testsuite> <!-- MavenProject.Selenium.FlightTest -->
